终端机在文法中未使用

    ERROR


语法

    0 $accept: program $end

    1 program: class_list

    2 class_list: class
    3           | class_list class

    4 class: CLASS TYPEID '{' feature_list '}' ';'
    5      | CLASS TYPEID INHERITS TYPEID '{' feature_list '}' ';'
    6      | error ';'

    7 feature_list: %empty
    8             | feature_list feature

    9 feature: OBJECTID '(' formal_list ')' ':' TYPEID '{' expression '}' ';'
   10        | OBJECTID ':' TYPEID assign_opt ';'
   11        | error ';'

   12 assign_opt: %empty
   13           | ASSIGN expression

   14 formal_list: %empty
   15            | formal
   16            | formal_list ',' formal
   17            | formal_list error

   18 formal: OBJECTID ':' TYPEID

   19 expression: assign_expression
   20           | expression '.' OBJECTID '(' ')'
   21           | expression '.' OBJECTID '(' expression_list ')'
   22           | expression '@' TYPEID '.' OBJECTID '(' ')'
   23           | expression '@' TYPEID '.' OBJECTID '(' expression_list ')'
   24           | OBJECTID '(' ')'
   25           | OBJECTID '(' expression_list ')'
   26           | IF expression THEN expression ELSE expression FI
   27           | while_expression
   28           | '{' expression_block '}'
   29           | LET let_expression
   30           | CASE expression OF case_list ESAC
   31           | NEW TYPEID
   32           | ISVOID expression
   33           | expression '+' expression
   34           | expression '-' expression
   35           | expression '*' expression
   36           | expression '/' expression
   37           | '~' expression
   38           | expression '<' expression
   39           | expression LE expression
   40           | expression '=' expression
   41           | NOT expression
   42           | '(' expression ')'
   43           | OBJECTID
   44           | INT_CONST
   45           | STR_CONST
   46           | BOOL_CONST

   47 assign_expression: OBJECTID ASSIGN expression
   48                  | OBJECTID error TYPEID

   49 while_expression: WHILE expression LOOP expression POOL
   50                 | WHILE error LOOP
   51                 | WHILE error POOL

   52 expression_list: expression
   53                | expression_list ',' expression

   54 expression_block: expression ';'
   55                 | expression_block expression ';'
   56                 | error ';'

   57 let_expression: OBJECTID ':' TYPEID assign_opt IN expression
   58               | OBJECTID ':' TYPEID assign_opt ',' let_expression
   59               | error ',' let_expression

   60 case_list: case
   61          | case_list case
   62          | case_list error

   63 case: OBJECTID ':' TYPEID DARROW expression ';'


终结语词，附有它们出现处的规则

    $end (0) 0
    '(' (40) 9 20 21 22 23 24 25 42
    ')' (41) 9 20 21 22 23 24 25 42
    '*' (42) 35
    '+' (43) 33
    ',' (44) 16 53 58 59
    '-' (45) 34
    '.' (46) 20 21 22 23
    '/' (47) 36
    ':' (58) 9 10 18 57 58 63
    ';' (59) 4 5 6 9 10 11 54 55 56 63
    '<' (60) 38
    '=' (61) 40
    '@' (64) 22 23
    '{' (123) 4 5 9 28
    '}' (125) 4 5 9 28
    '~' (126) 37
    error (256) 6 11 17 48 50 51 56 59 62
    CLASS (258) 4 5
    ELSE (259) 26
    FI (260) 26
    IF (261) 26
    IN (262) 57
    INHERITS (263) 5
    LET (264) 29
    LOOP (265) 49 50
    POOL (266) 49 51
    THEN (267) 26
    WHILE (268) 49 50 51
    CASE (269) 30
    ESAC (270) 30
    OF (271) 30
    DARROW (272) 63
    NEW (273) 31
    ISVOID (274) 32
    STR_CONST <symbol> (275) 45
    INT_CONST <symbol> (276) 44
    BOOL_CONST <boolean> (277) 46
    TYPEID <symbol> (278) 4 5 9 10 18 22 23 31 48 57 58 63
    OBJECTID <symbol> (279) 9 10 18 20 21 22 23 24 25 43 47 48 57 58 63
    ASSIGN (280) 13 47
    NOT (281) 41
    LE (282) 39
    ERROR (283)
    FLAG (285)


非终结语词，附有它们出现处的规则

    $accept (46)
        on left: 0
    program <program> (47)
        on left: 1
        on right: 0
    class_list <classes> (48)
        on left: 2 3
        on right: 1 3
    class <class_> (49)
        on left: 4 5 6
        on right: 2 3
    feature_list <features> (50)
        on left: 7 8
        on right: 4 5 8
    feature <feature> (51)
        on left: 9 10 11
        on right: 8
    assign_opt <expression> (52)
        on left: 12 13
        on right: 10 57 58
    formal_list <formals> (53)
        on left: 14 15 16 17
        on right: 9 16 17
    formal <formal> (54)
        on left: 18
        on right: 15 16
    expression <expression> (55)
        on left: 19 20 21 22 23 24 25 26 27 28 29 30 31 32 33 34 35 36 37 38 39 40 41 42 43 44 45 46
        on right: 9 13 20 21 22 23 26 30 32 33 34 35 36 37 38 39 40 41 42 47 49 52 53 54 55 57 63
    assign_expression <expression> (56)
        on left: 47 48
        on right: 19
    while_expression <expression> (57)
        on left: 49 50 51
        on right: 27
    expression_list <expressions> (58)
        on left: 52 53
        on right: 21 23 25 53
    expression_block <expressions> (59)
        on left: 54 55 56
        on right: 28 55
    let_expression <expression> (60)
        on left: 57 58 59
        on right: 29 58 59
    case_list <cases> (61)
        on left: 60 61 62
        on right: 30 61 62
    case <case_> (62)
        on left: 63
        on right: 60 61


状态 0

    0 $accept: . program $end

    error  偏移，并进入状态 1
    CLASS  偏移，并进入状态 2

    program     转到状态 3
    class_list  转到状态 4
    class       转到状态 5


状态 1

    6 class: error . ';'

    ';'  偏移，并进入状态 6


状态 2

    4 class: CLASS . TYPEID '{' feature_list '}' ';'
    5      | CLASS . TYPEID INHERITS TYPEID '{' feature_list '}' ';'

    TYPEID  偏移，并进入状态 7


状态 3

    0 $accept: program . $end

    $end  偏移，并进入状态 8


状态 4

    1 program: class_list .
    3 class_list: class_list . class

    error  偏移，并进入状态 1
    CLASS  偏移，并进入状态 2

    $end  使用规则 1 以归约 (program)

    class  转到状态 9


状态 5

    2 class_list: class .

    $default  使用规则 2 以归约 (class_list)


状态 6

    6 class: error ';' .

    $default  使用规则 6 以归约 (class)


状态 7

    4 class: CLASS TYPEID . '{' feature_list '}' ';'
    5      | CLASS TYPEID . INHERITS TYPEID '{' feature_list '}' ';'

    INHERITS  偏移，并进入状态 10
    '{'       偏移，并进入状态 11


状态 8

    0 $accept: program $end .

    $default  接受


状态 9

    3 class_list: class_list class .

    $default  使用规则 3 以归约 (class_list)


状态 10

    5 class: CLASS TYPEID INHERITS . TYPEID '{' feature_list '}' ';'

    TYPEID  偏移，并进入状态 12


状态 11

    4 class: CLASS TYPEID '{' . feature_list '}' ';'

    $default  使用规则 7 以归约 (feature_list)

    feature_list  转到状态 13


状态 12

    5 class: CLASS TYPEID INHERITS TYPEID . '{' feature_list '}' ';'

    '{'  偏移，并进入状态 14


状态 13

    4 class: CLASS TYPEID '{' feature_list . '}' ';'
    8 feature_list: feature_list . feature

    error     偏移，并进入状态 15
    OBJECTID  偏移，并进入状态 16
    '}'       偏移，并进入状态 17

    feature  转到状态 18


状态 14

    5 class: CLASS TYPEID INHERITS TYPEID '{' . feature_list '}' ';'

    $default  使用规则 7 以归约 (feature_list)

    feature_list  转到状态 19


状态 15

   11 feature: error . ';'

    ';'  偏移，并进入状态 20


状态 16

    9 feature: OBJECTID . '(' formal_list ')' ':' TYPEID '{' expression '}' ';'
   10        | OBJECTID . ':' TYPEID assign_opt ';'

    '('  偏移，并进入状态 21
    ':'  偏移，并进入状态 22


状态 17

    4 class: CLASS TYPEID '{' feature_list '}' . ';'

    ';'  偏移，并进入状态 23


状态 18

    8 feature_list: feature_list feature .

    $default  使用规则 8 以归约 (feature_list)


状态 19

    5 class: CLASS TYPEID INHERITS TYPEID '{' feature_list . '}' ';'
    8 feature_list: feature_list . feature

    error     偏移，并进入状态 15
    OBJECTID  偏移，并进入状态 16
    '}'       偏移，并进入状态 24

    feature  转到状态 18


状态 20

   11 feature: error ';' .

    $default  使用规则 11 以归约 (feature)


状态 21

    9 feature: OBJECTID '(' . formal_list ')' ':' TYPEID '{' expression '}' ';'

    OBJECTID  偏移，并进入状态 25

    $default  使用规则 14 以归约 (formal_list)

    formal_list  转到状态 26
    formal       转到状态 27


状态 22

   10 feature: OBJECTID ':' . TYPEID assign_opt ';'

    TYPEID  偏移，并进入状态 28


状态 23

    4 class: CLASS TYPEID '{' feature_list '}' ';' .

    $default  使用规则 4 以归约 (class)


状态 24

    5 class: CLASS TYPEID INHERITS TYPEID '{' feature_list '}' . ';'

    ';'  偏移，并进入状态 29


状态 25

   18 formal: OBJECTID . ':' TYPEID

    ':'  偏移，并进入状态 30


状态 26

    9 feature: OBJECTID '(' formal_list . ')' ':' TYPEID '{' expression '}' ';'
   16 formal_list: formal_list . ',' formal
   17            | formal_list . error

    error  偏移，并进入状态 31
    ')'    偏移，并进入状态 32
    ','    偏移，并进入状态 33


状态 27

   15 formal_list: formal .

    $default  使用规则 15 以归约 (formal_list)


状态 28

   10 feature: OBJECTID ':' TYPEID . assign_opt ';'

    ASSIGN  偏移，并进入状态 34

    $default  使用规则 12 以归约 (assign_opt)

    assign_opt  转到状态 35


状态 29

    5 class: CLASS TYPEID INHERITS TYPEID '{' feature_list '}' ';' .

    $default  使用规则 5 以归约 (class)


状态 30

   18 formal: OBJECTID ':' . TYPEID

    TYPEID  偏移，并进入状态 36


状态 31

   17 formal_list: formal_list error .

    $default  使用规则 17 以归约 (formal_list)


状态 32

    9 feature: OBJECTID '(' formal_list ')' . ':' TYPEID '{' expression '}' ';'

    ':'  偏移，并进入状态 37


状态 33

   16 formal_list: formal_list ',' . formal

    OBJECTID  偏移，并进入状态 25

    formal  转到状态 38


状态 34

   13 assign_opt: ASSIGN . expression

    IF          偏移，并进入状态 39
    LET         偏移，并进入状态 40
    WHILE       偏移，并进入状态 41
    CASE        偏移，并进入状态 42
    NEW         偏移，并进入状态 43
    ISVOID      偏移，并进入状态 44
    STR_CONST   偏移，并进入状态 45
    INT_CONST   偏移，并进入状态 46
    BOOL_CONST  偏移，并进入状态 47
    OBJECTID    偏移，并进入状态 48
    NOT         偏移，并进入状态 49
    '~'         偏移，并进入状态 50
    '{'         偏移，并进入状态 51
    '('         偏移，并进入状态 52

    expression         转到状态 53
    assign_expression  转到状态 54
    while_expression   转到状态 55


状态 35

   10 feature: OBJECTID ':' TYPEID assign_opt . ';'

    ';'  偏移，并进入状态 56


状态 36

   18 formal: OBJECTID ':' TYPEID .

    $default  使用规则 18 以归约 (formal)


状态 37

    9 feature: OBJECTID '(' formal_list ')' ':' . TYPEID '{' expression '}' ';'

    TYPEID  偏移，并进入状态 57


状态 38

   16 formal_list: formal_list ',' formal .

    $default  使用规则 16 以归约 (formal_list)


状态 39

   26 expression: IF . expression THEN expression ELSE expression FI

    IF          偏移，并进入状态 39
    LET         偏移，并进入状态 40
    WHILE       偏移，并进入状态 41
    CASE        偏移，并进入状态 42
    NEW         偏移，并进入状态 43
    ISVOID      偏移，并进入状态 44
    STR_CONST   偏移，并进入状态 45
    INT_CONST   偏移，并进入状态 46
    BOOL_CONST  偏移，并进入状态 47
    OBJECTID    偏移，并进入状态 48
    NOT         偏移，并进入状态 49
    '~'         偏移，并进入状态 50
    '{'         偏移，并进入状态 51
    '('         偏移，并进入状态 52

    expression         转到状态 58
    assign_expression  转到状态 54
    while_expression   转到状态 55


状态 40

   29 expression: LET . let_expression

    error     偏移，并进入状态 59
    OBJECTID  偏移，并进入状态 60

    let_expression  转到状态 61


状态 41

   49 while_expression: WHILE . expression LOOP expression POOL
   50                 | WHILE . error LOOP
   51                 | WHILE . error POOL

    error       偏移，并进入状态 62
    IF          偏移，并进入状态 39
    LET         偏移，并进入状态 40
    WHILE       偏移，并进入状态 41
    CASE        偏移，并进入状态 42
    NEW         偏移，并进入状态 43
    ISVOID      偏移，并进入状态 44
    STR_CONST   偏移，并进入状态 45
    INT_CONST   偏移，并进入状态 46
    BOOL_CONST  偏移，并进入状态 47
    OBJECTID    偏移，并进入状态 48
    NOT         偏移，并进入状态 49
    '~'         偏移，并进入状态 50
    '{'         偏移，并进入状态 51
    '('         偏移，并进入状态 52

    expression         转到状态 63
    assign_expression  转到状态 54
    while_expression   转到状态 55


状态 42

   30 expression: CASE . expression OF case_list ESAC

    IF          偏移，并进入状态 39
    LET         偏移，并进入状态 40
    WHILE       偏移，并进入状态 41
    CASE        偏移，并进入状态 42
    NEW         偏移，并进入状态 43
    ISVOID      偏移，并进入状态 44
    STR_CONST   偏移，并进入状态 45
    INT_CONST   偏移，并进入状态 46
    BOOL_CONST  偏移，并进入状态 47
    OBJECTID    偏移，并进入状态 48
    NOT         偏移，并进入状态 49
    '~'         偏移，并进入状态 50
    '{'         偏移，并进入状态 51
    '('         偏移，并进入状态 52

    expression         转到状态 64
    assign_expression  转到状态 54
    while_expression   转到状态 55


状态 43

   31 expression: NEW . TYPEID

    TYPEID  偏移，并进入状态 65


状态 44

   32 expression: ISVOID . expression

    IF          偏移，并进入状态 39
    LET         偏移，并进入状态 40
    WHILE       偏移，并进入状态 41
    CASE        偏移，并进入状态 42
    NEW         偏移，并进入状态 43
    ISVOID      偏移，并进入状态 44
    STR_CONST   偏移，并进入状态 45
    INT_CONST   偏移，并进入状态 46
    BOOL_CONST  偏移，并进入状态 47
    OBJECTID    偏移，并进入状态 48
    NOT         偏移，并进入状态 49
    '~'         偏移，并进入状态 50
    '{'         偏移，并进入状态 51
    '('         偏移，并进入状态 52

    expression         转到状态 66
    assign_expression  转到状态 54
    while_expression   转到状态 55


状态 45

   45 expression: STR_CONST .

    $default  使用规则 45 以归约 (expression)


状态 46

   44 expression: INT_CONST .

    $default  使用规则 44 以归约 (expression)


状态 47

   46 expression: BOOL_CONST .

    $default  使用规则 46 以归约 (expression)


状态 48

   24 expression: OBJECTID . '(' ')'
   25           | OBJECTID . '(' expression_list ')'
   43           | OBJECTID .
   47 assign_expression: OBJECTID . ASSIGN expression
   48                  | OBJECTID . error TYPEID

    error   偏移，并进入状态 67
    ASSIGN  偏移，并进入状态 68
    '('     偏移，并进入状态 69

    ELSE  使用规则 43 以归约 (expression)
    FI    使用规则 43 以归约 (expression)
    IN    使用规则 43 以归约 (expression)
    LOOP  使用规则 43 以归约 (expression)
    POOL  使用规则 43 以归约 (expression)
    THEN  使用规则 43 以归约 (expression)
    OF    使用规则 43 以归约 (expression)
    LE    使用规则 43 以归约 (expression)
    '<'   使用规则 43 以归约 (expression)
    '='   使用规则 43 以归约 (expression)
    '+'   使用规则 43 以归约 (expression)
    '-'   使用规则 43 以归约 (expression)
    '*'   使用规则 43 以归约 (expression)
    '/'   使用规则 43 以归约 (expression)
    '@'   使用规则 43 以归约 (expression)
    '.'   使用规则 43 以归约 (expression)
    '}'   使用规则 43 以归约 (expression)
    ';'   使用规则 43 以归约 (expression)
    ')'   使用规则 43 以归约 (expression)
    ','   使用规则 43 以归约 (expression)


状态 49

   41 expression: NOT . expression

    IF          偏移，并进入状态 39
    LET         偏移，并进入状态 40
    WHILE       偏移，并进入状态 41
    CASE        偏移，并进入状态 42
    NEW         偏移，并进入状态 43
    ISVOID      偏移，并进入状态 44
    STR_CONST   偏移，并进入状态 45
    INT_CONST   偏移，并进入状态 46
    BOOL_CONST  偏移，并进入状态 47
    OBJECTID    偏移，并进入状态 48
    NOT         偏移，并进入状态 49
    '~'         偏移，并进入状态 50
    '{'         偏移，并进入状态 51
    '('         偏移，并进入状态 52

    expression         转到状态 70
    assign_expression  转到状态 54
    while_expression   转到状态 55


状态 50

   37 expression: '~' . expression

    IF          偏移，并进入状态 39
    LET         偏移，并进入状态 40
    WHILE       偏移，并进入状态 41
    CASE        偏移，并进入状态 42
    NEW         偏移，并进入状态 43
    ISVOID      偏移，并进入状态 44
    STR_CONST   偏移，并进入状态 45
    INT_CONST   偏移，并进入状态 46
    BOOL_CONST  偏移，并进入状态 47
    OBJECTID    偏移，并进入状态 48
    NOT         偏移，并进入状态 49
    '~'         偏移，并进入状态 50
    '{'         偏移，并进入状态 51
    '('         偏移，并进入状态 52

    expression         转到状态 71
    assign_expression  转到状态 54
    while_expression   转到状态 55


状态 51

   28 expression: '{' . expression_block '}'

    error       偏移，并进入状态 72
    IF          偏移，并进入状态 39
    LET         偏移，并进入状态 40
    WHILE       偏移，并进入状态 41
    CASE        偏移，并进入状态 42
    NEW         偏移，并进入状态 43
    ISVOID      偏移，并进入状态 44
    STR_CONST   偏移，并进入状态 45
    INT_CONST   偏移，并进入状态 46
    BOOL_CONST  偏移，并进入状态 47
    OBJECTID    偏移，并进入状态 48
    NOT         偏移，并进入状态 49
    '~'         偏移，并进入状态 50
    '{'         偏移，并进入状态 51
    '('         偏移，并进入状态 52

    expression         转到状态 73
    assign_expression  转到状态 54
    while_expression   转到状态 55
    expression_block   转到状态 74


状态 52

   42 expression: '(' . expression ')'

    IF          偏移，并进入状态 39
    LET         偏移，并进入状态 40
    WHILE       偏移，并进入状态 41
    CASE        偏移，并进入状态 42
    NEW         偏移，并进入状态 43
    ISVOID      偏移，并进入状态 44
    STR_CONST   偏移，并进入状态 45
    INT_CONST   偏移，并进入状态 46
    BOOL_CONST  偏移，并进入状态 47
    OBJECTID    偏移，并进入状态 48
    NOT         偏移，并进入状态 49
    '~'         偏移，并进入状态 50
    '{'         偏移，并进入状态 51
    '('         偏移，并进入状态 52

    expression         转到状态 75
    assign_expression  转到状态 54
    while_expression   转到状态 55


状态 53

   13 assign_opt: ASSIGN expression .
   20 expression: expression . '.' OBJECTID '(' ')'
   21           | expression . '.' OBJECTID '(' expression_list ')'
   22           | expression . '@' TYPEID '.' OBJECTID '(' ')'
   23           | expression . '@' TYPEID '.' OBJECTID '(' expression_list ')'
   33           | expression . '+' expression
   34           | expression . '-' expression
   35           | expression . '*' expression
   36           | expression . '/' expression
   38           | expression . '<' expression
   39           | expression . LE expression
   40           | expression . '=' expression

    LE   偏移，并进入状态 76
    '<'  偏移，并进入状态 77
    '='  偏移，并进入状态 78
    '+'  偏移，并进入状态 79
    '-'  偏移，并进入状态 80
    '*'  偏移，并进入状态 81
    '/'  偏移，并进入状态 82
    '@'  偏移，并进入状态 83
    '.'  偏移，并进入状态 84

    $default  使用规则 13 以归约 (assign_opt)


状态 54

   19 expression: assign_expression .

    $default  使用规则 19 以归约 (expression)


状态 55

   27 expression: while_expression .

    $default  使用规则 27 以归约 (expression)


状态 56

   10 feature: OBJECTID ':' TYPEID assign_opt ';' .

    $default  使用规则 10 以归约 (feature)


状态 57

    9 feature: OBJECTID '(' formal_list ')' ':' TYPEID . '{' expression '}' ';'

    '{'  偏移，并进入状态 85


状态 58

   20 expression: expression . '.' OBJECTID '(' ')'
   21           | expression . '.' OBJECTID '(' expression_list ')'
   22           | expression . '@' TYPEID '.' OBJECTID '(' ')'
   23           | expression . '@' TYPEID '.' OBJECTID '(' expression_list ')'
   26           | IF expression . THEN expression ELSE expression FI
   33           | expression . '+' expression
   34           | expression . '-' expression
   35           | expression . '*' expression
   36           | expression . '/' expression
   38           | expression . '<' expression
   39           | expression . LE expression
   40           | expression . '=' expression

    THEN  偏移，并进入状态 86
    LE    偏移，并进入状态 76
    '<'   偏移，并进入状态 77
    '='   偏移，并进入状态 78
    '+'   偏移，并进入状态 79
    '-'   偏移，并进入状态 80
    '*'   偏移，并进入状态 81
    '/'   偏移，并进入状态 82
    '@'   偏移，并进入状态 83
    '.'   偏移，并进入状态 84


状态 59

   59 let_expression: error . ',' let_expression

    ','  偏移，并进入状态 87


状态 60

   57 let_expression: OBJECTID . ':' TYPEID assign_opt IN expression
   58               | OBJECTID . ':' TYPEID assign_opt ',' let_expression

    ':'  偏移，并进入状态 88


状态 61

   29 expression: LET let_expression .

    $default  使用规则 29 以归约 (expression)


状态 62

   50 while_expression: WHILE error . LOOP
   51                 | WHILE error . POOL

    LOOP  偏移，并进入状态 89
    POOL  偏移，并进入状态 90


状态 63

   20 expression: expression . '.' OBJECTID '(' ')'
   21           | expression . '.' OBJECTID '(' expression_list ')'
   22           | expression . '@' TYPEID '.' OBJECTID '(' ')'
   23           | expression . '@' TYPEID '.' OBJECTID '(' expression_list ')'
   33           | expression . '+' expression
   34           | expression . '-' expression
   35           | expression . '*' expression
   36           | expression . '/' expression
   38           | expression . '<' expression
   39           | expression . LE expression
   40           | expression . '=' expression
   49 while_expression: WHILE expression . LOOP expression POOL

    LOOP  偏移，并进入状态 91
    LE    偏移，并进入状态 76
    '<'   偏移，并进入状态 77
    '='   偏移，并进入状态 78
    '+'   偏移，并进入状态 79
    '-'   偏移，并进入状态 80
    '*'   偏移，并进入状态 81
    '/'   偏移，并进入状态 82
    '@'   偏移，并进入状态 83
    '.'   偏移，并进入状态 84


状态 64

   20 expression: expression . '.' OBJECTID '(' ')'
   21           | expression . '.' OBJECTID '(' expression_list ')'
   22           | expression . '@' TYPEID '.' OBJECTID '(' ')'
   23           | expression . '@' TYPEID '.' OBJECTID '(' expression_list ')'
   30           | CASE expression . OF case_list ESAC
   33           | expression . '+' expression
   34           | expression . '-' expression
   35           | expression . '*' expression
   36           | expression . '/' expression
   38           | expression . '<' expression
   39           | expression . LE expression
   40           | expression . '=' expression

    OF   偏移，并进入状态 92
    LE   偏移，并进入状态 76
    '<'  偏移，并进入状态 77
    '='  偏移，并进入状态 78
    '+'  偏移，并进入状态 79
    '-'  偏移，并进入状态 80
    '*'  偏移，并进入状态 81
    '/'  偏移，并进入状态 82
    '@'  偏移，并进入状态 83
    '.'  偏移，并进入状态 84


状态 65

   31 expression: NEW TYPEID .

    $default  使用规则 31 以归约 (expression)


状态 66

   20 expression: expression . '.' OBJECTID '(' ')'
   21           | expression . '.' OBJECTID '(' expression_list ')'
   22           | expression . '@' TYPEID '.' OBJECTID '(' ')'
   23           | expression . '@' TYPEID '.' OBJECTID '(' expression_list ')'
   32           | ISVOID expression .
   33           | expression . '+' expression
   34           | expression . '-' expression
   35           | expression . '*' expression
   36           | expression . '/' expression
   38           | expression . '<' expression
   39           | expression . LE expression
   40           | expression . '=' expression

    '@'  偏移，并进入状态 83
    '.'  偏移，并进入状态 84

    $default  使用规则 32 以归约 (expression)


状态 67

   48 assign_expression: OBJECTID error . TYPEID

    TYPEID  偏移，并进入状态 93


状态 68

   47 assign_expression: OBJECTID ASSIGN . expression

    IF          偏移，并进入状态 39
    LET         偏移，并进入状态 40
    WHILE       偏移，并进入状态 41
    CASE        偏移，并进入状态 42
    NEW         偏移，并进入状态 43
    ISVOID      偏移，并进入状态 44
    STR_CONST   偏移，并进入状态 45
    INT_CONST   偏移，并进入状态 46
    BOOL_CONST  偏移，并进入状态 47
    OBJECTID    偏移，并进入状态 48
    NOT         偏移，并进入状态 49
    '~'         偏移，并进入状态 50
    '{'         偏移，并进入状态 51
    '('         偏移，并进入状态 52

    expression         转到状态 94
    assign_expression  转到状态 54
    while_expression   转到状态 55


状态 69

   24 expression: OBJECTID '(' . ')'
   25           | OBJECTID '(' . expression_list ')'

    IF          偏移，并进入状态 39
    LET         偏移，并进入状态 40
    WHILE       偏移，并进入状态 41
    CASE        偏移，并进入状态 42
    NEW         偏移，并进入状态 43
    ISVOID      偏移，并进入状态 44
    STR_CONST   偏移，并进入状态 45
    INT_CONST   偏移，并进入状态 46
    BOOL_CONST  偏移，并进入状态 47
    OBJECTID    偏移，并进入状态 48
    NOT         偏移，并进入状态 49
    '~'         偏移，并进入状态 50
    '{'         偏移，并进入状态 51
    '('         偏移，并进入状态 52
    ')'         偏移，并进入状态 95

    expression         转到状态 96
    assign_expression  转到状态 54
    while_expression   转到状态 55
    expression_list    转到状态 97


状态 70

   20 expression: expression . '.' OBJECTID '(' ')'
   21           | expression . '.' OBJECTID '(' expression_list ')'
   22           | expression . '@' TYPEID '.' OBJECTID '(' ')'
   23           | expression . '@' TYPEID '.' OBJECTID '(' expression_list ')'
   33           | expression . '+' expression
   34           | expression . '-' expression
   35           | expression . '*' expression
   36           | expression . '/' expression
   38           | expression . '<' expression
   39           | expression . LE expression
   40           | expression . '=' expression
   41           | NOT expression .

    LE   偏移，并进入状态 76
    '<'  偏移，并进入状态 77
    '='  偏移，并进入状态 78
    '+'  偏移，并进入状态 79
    '-'  偏移，并进入状态 80
    '*'  偏移，并进入状态 81
    '/'  偏移，并进入状态 82
    '@'  偏移，并进入状态 83
    '.'  偏移，并进入状态 84

    $default  使用规则 41 以归约 (expression)


状态 71

   20 expression: expression . '.' OBJECTID '(' ')'
   21           | expression . '.' OBJECTID '(' expression_list ')'
   22           | expression . '@' TYPEID '.' OBJECTID '(' ')'
   23           | expression . '@' TYPEID '.' OBJECTID '(' expression_list ')'
   33           | expression . '+' expression
   34           | expression . '-' expression
   35           | expression . '*' expression
   36           | expression . '/' expression
   37           | '~' expression .
   38           | expression . '<' expression
   39           | expression . LE expression
   40           | expression . '=' expression

    '@'  偏移，并进入状态 83
    '.'  偏移，并进入状态 84

    $default  使用规则 37 以归约 (expression)


状态 72

   56 expression_block: error . ';'

    ';'  偏移，并进入状态 98


状态 73

   20 expression: expression . '.' OBJECTID '(' ')'
   21           | expression . '.' OBJECTID '(' expression_list ')'
   22           | expression . '@' TYPEID '.' OBJECTID '(' ')'
   23           | expression . '@' TYPEID '.' OBJECTID '(' expression_list ')'
   33           | expression . '+' expression
   34           | expression . '-' expression
   35           | expression . '*' expression
   36           | expression . '/' expression
   38           | expression . '<' expression
   39           | expression . LE expression
   40           | expression . '=' expression
   54 expression_block: expression . ';'

    LE   偏移，并进入状态 76
    '<'  偏移，并进入状态 77
    '='  偏移，并进入状态 78
    '+'  偏移，并进入状态 79
    '-'  偏移，并进入状态 80
    '*'  偏移，并进入状态 81
    '/'  偏移，并进入状态 82
    '@'  偏移，并进入状态 83
    '.'  偏移，并进入状态 84
    ';'  偏移，并进入状态 99


状态 74

   28 expression: '{' expression_block . '}'
   55 expression_block: expression_block . expression ';'

    IF          偏移，并进入状态 39
    LET         偏移，并进入状态 40
    WHILE       偏移，并进入状态 41
    CASE        偏移，并进入状态 42
    NEW         偏移，并进入状态 43
    ISVOID      偏移，并进入状态 44
    STR_CONST   偏移，并进入状态 45
    INT_CONST   偏移，并进入状态 46
    BOOL_CONST  偏移，并进入状态 47
    OBJECTID    偏移，并进入状态 48
    NOT         偏移，并进入状态 49
    '~'         偏移，并进入状态 50
    '{'         偏移，并进入状态 51
    '}'         偏移，并进入状态 100
    '('         偏移，并进入状态 52

    expression         转到状态 101
    assign_expression  转到状态 54
    while_expression   转到状态 55


状态 75

   20 expression: expression . '.' OBJECTID '(' ')'
   21           | expression . '.' OBJECTID '(' expression_list ')'
   22           | expression . '@' TYPEID '.' OBJECTID '(' ')'
   23           | expression . '@' TYPEID '.' OBJECTID '(' expression_list ')'
   33           | expression . '+' expression
   34           | expression . '-' expression
   35           | expression . '*' expression
   36           | expression . '/' expression
   38           | expression . '<' expression
   39           | expression . LE expression
   40           | expression . '=' expression
   42           | '(' expression . ')'

    LE   偏移，并进入状态 76
    '<'  偏移，并进入状态 77
    '='  偏移，并进入状态 78
    '+'  偏移，并进入状态 79
    '-'  偏移，并进入状态 80
    '*'  偏移，并进入状态 81
    '/'  偏移，并进入状态 82
    '@'  偏移，并进入状态 83
    '.'  偏移，并进入状态 84
    ')'  偏移，并进入状态 102


状态 76

   39 expression: expression LE . expression

    IF          偏移，并进入状态 39
    LET         偏移，并进入状态 40
    WHILE       偏移，并进入状态 41
    CASE        偏移，并进入状态 42
    NEW         偏移，并进入状态 43
    ISVOID      偏移，并进入状态 44
    STR_CONST   偏移，并进入状态 45
    INT_CONST   偏移，并进入状态 46
    BOOL_CONST  偏移，并进入状态 47
    OBJECTID    偏移，并进入状态 48
    NOT         偏移，并进入状态 49
    '~'         偏移，并进入状态 50
    '{'         偏移，并进入状态 51
    '('         偏移，并进入状态 52

    expression         转到状态 103
    assign_expression  转到状态 54
    while_expression   转到状态 55


状态 77

   38 expression: expression '<' . expression

    IF          偏移，并进入状态 39
    LET         偏移，并进入状态 40
    WHILE       偏移，并进入状态 41
    CASE        偏移，并进入状态 42
    NEW         偏移，并进入状态 43
    ISVOID      偏移，并进入状态 44
    STR_CONST   偏移，并进入状态 45
    INT_CONST   偏移，并进入状态 46
    BOOL_CONST  偏移，并进入状态 47
    OBJECTID    偏移，并进入状态 48
    NOT         偏移，并进入状态 49
    '~'         偏移，并进入状态 50
    '{'         偏移，并进入状态 51
    '('         偏移，并进入状态 52

    expression         转到状态 104
    assign_expression  转到状态 54
    while_expression   转到状态 55


状态 78

   40 expression: expression '=' . expression

    IF          偏移，并进入状态 39
    LET         偏移，并进入状态 40
    WHILE       偏移，并进入状态 41
    CASE        偏移，并进入状态 42
    NEW         偏移，并进入状态 43
    ISVOID      偏移，并进入状态 44
    STR_CONST   偏移，并进入状态 45
    INT_CONST   偏移，并进入状态 46
    BOOL_CONST  偏移，并进入状态 47
    OBJECTID    偏移，并进入状态 48
    NOT         偏移，并进入状态 49
    '~'         偏移，并进入状态 50
    '{'         偏移，并进入状态 51
    '('         偏移，并进入状态 52

    expression         转到状态 105
    assign_expression  转到状态 54
    while_expression   转到状态 55


状态 79

   33 expression: expression '+' . expression

    IF          偏移，并进入状态 39
    LET         偏移，并进入状态 40
    WHILE       偏移，并进入状态 41
    CASE        偏移，并进入状态 42
    NEW         偏移，并进入状态 43
    ISVOID      偏移，并进入状态 44
    STR_CONST   偏移，并进入状态 45
    INT_CONST   偏移，并进入状态 46
    BOOL_CONST  偏移，并进入状态 47
    OBJECTID    偏移，并进入状态 48
    NOT         偏移，并进入状态 49
    '~'         偏移，并进入状态 50
    '{'         偏移，并进入状态 51
    '('         偏移，并进入状态 52

    expression         转到状态 106
    assign_expression  转到状态 54
    while_expression   转到状态 55


状态 80

   34 expression: expression '-' . expression

    IF          偏移，并进入状态 39
    LET         偏移，并进入状态 40
    WHILE       偏移，并进入状态 41
    CASE        偏移，并进入状态 42
    NEW         偏移，并进入状态 43
    ISVOID      偏移，并进入状态 44
    STR_CONST   偏移，并进入状态 45
    INT_CONST   偏移，并进入状态 46
    BOOL_CONST  偏移，并进入状态 47
    OBJECTID    偏移，并进入状态 48
    NOT         偏移，并进入状态 49
    '~'         偏移，并进入状态 50
    '{'         偏移，并进入状态 51
    '('         偏移，并进入状态 52

    expression         转到状态 107
    assign_expression  转到状态 54
    while_expression   转到状态 55


状态 81

   35 expression: expression '*' . expression

    IF          偏移，并进入状态 39
    LET         偏移，并进入状态 40
    WHILE       偏移，并进入状态 41
    CASE        偏移，并进入状态 42
    NEW         偏移，并进入状态 43
    ISVOID      偏移，并进入状态 44
    STR_CONST   偏移，并进入状态 45
    INT_CONST   偏移，并进入状态 46
    BOOL_CONST  偏移，并进入状态 47
    OBJECTID    偏移，并进入状态 48
    NOT         偏移，并进入状态 49
    '~'         偏移，并进入状态 50
    '{'         偏移，并进入状态 51
    '('         偏移，并进入状态 52

    expression         转到状态 108
    assign_expression  转到状态 54
    while_expression   转到状态 55


状态 82

   36 expression: expression '/' . expression

    IF          偏移，并进入状态 39
    LET         偏移，并进入状态 40
    WHILE       偏移，并进入状态 41
    CASE        偏移，并进入状态 42
    NEW         偏移，并进入状态 43
    ISVOID      偏移，并进入状态 44
    STR_CONST   偏移，并进入状态 45
    INT_CONST   偏移，并进入状态 46
    BOOL_CONST  偏移，并进入状态 47
    OBJECTID    偏移，并进入状态 48
    NOT         偏移，并进入状态 49
    '~'         偏移，并进入状态 50
    '{'         偏移，并进入状态 51
    '('         偏移，并进入状态 52

    expression         转到状态 109
    assign_expression  转到状态 54
    while_expression   转到状态 55


状态 83

   22 expression: expression '@' . TYPEID '.' OBJECTID '(' ')'
   23           | expression '@' . TYPEID '.' OBJECTID '(' expression_list ')'

    TYPEID  偏移，并进入状态 110


状态 84

   20 expression: expression '.' . OBJECTID '(' ')'
   21           | expression '.' . OBJECTID '(' expression_list ')'

    OBJECTID  偏移，并进入状态 111


状态 85

    9 feature: OBJECTID '(' formal_list ')' ':' TYPEID '{' . expression '}' ';'

    IF          偏移，并进入状态 39
    LET         偏移，并进入状态 40
    WHILE       偏移，并进入状态 41
    CASE        偏移，并进入状态 42
    NEW         偏移，并进入状态 43
    ISVOID      偏移，并进入状态 44
    STR_CONST   偏移，并进入状态 45
    INT_CONST   偏移，并进入状态 46
    BOOL_CONST  偏移，并进入状态 47
    OBJECTID    偏移，并进入状态 48
    NOT         偏移，并进入状态 49
    '~'         偏移，并进入状态 50
    '{'         偏移，并进入状态 51
    '('         偏移，并进入状态 52

    expression         转到状态 112
    assign_expression  转到状态 54
    while_expression   转到状态 55


状态 86

   26 expression: IF expression THEN . expression ELSE expression FI

    IF          偏移，并进入状态 39
    LET         偏移，并进入状态 40
    WHILE       偏移，并进入状态 41
    CASE        偏移，并进入状态 42
    NEW         偏移，并进入状态 43
    ISVOID      偏移，并进入状态 44
    STR_CONST   偏移，并进入状态 45
    INT_CONST   偏移，并进入状态 46
    BOOL_CONST  偏移，并进入状态 47
    OBJECTID    偏移，并进入状态 48
    NOT         偏移，并进入状态 49
    '~'         偏移，并进入状态 50
    '{'         偏移，并进入状态 51
    '('         偏移，并进入状态 52

    expression         转到状态 113
    assign_expression  转到状态 54
    while_expression   转到状态 55


状态 87

   59 let_expression: error ',' . let_expression

    error     偏移，并进入状态 59
    OBJECTID  偏移，并进入状态 60

    let_expression  转到状态 114


状态 88

   57 let_expression: OBJECTID ':' . TYPEID assign_opt IN expression
   58               | OBJECTID ':' . TYPEID assign_opt ',' let_expression

    TYPEID  偏移，并进入状态 115


状态 89

   50 while_expression: WHILE error LOOP .

    $default  使用规则 50 以归约 (while_expression)


状态 90

   51 while_expression: WHILE error POOL .

    $default  使用规则 51 以归约 (while_expression)


状态 91

   49 while_expression: WHILE expression LOOP . expression POOL

    IF          偏移，并进入状态 39
    LET         偏移，并进入状态 40
    WHILE       偏移，并进入状态 41
    CASE        偏移，并进入状态 42
    NEW         偏移，并进入状态 43
    ISVOID      偏移，并进入状态 44
    STR_CONST   偏移，并进入状态 45
    INT_CONST   偏移，并进入状态 46
    BOOL_CONST  偏移，并进入状态 47
    OBJECTID    偏移，并进入状态 48
    NOT         偏移，并进入状态 49
    '~'         偏移，并进入状态 50
    '{'         偏移，并进入状态 51
    '('         偏移，并进入状态 52

    expression         转到状态 116
    assign_expression  转到状态 54
    while_expression   转到状态 55


状态 92

   30 expression: CASE expression OF . case_list ESAC

    OBJECTID  偏移，并进入状态 117

    case_list  转到状态 118
    case       转到状态 119


状态 93

   48 assign_expression: OBJECTID error TYPEID .

    $default  使用规则 48 以归约 (assign_expression)


状态 94

   20 expression: expression . '.' OBJECTID '(' ')'
   21           | expression . '.' OBJECTID '(' expression_list ')'
   22           | expression . '@' TYPEID '.' OBJECTID '(' ')'
   23           | expression . '@' TYPEID '.' OBJECTID '(' expression_list ')'
   33           | expression . '+' expression
   34           | expression . '-' expression
   35           | expression . '*' expression
   36           | expression . '/' expression
   38           | expression . '<' expression
   39           | expression . LE expression
   40           | expression . '=' expression
   47 assign_expression: OBJECTID ASSIGN expression .

    LE   偏移，并进入状态 76
    '<'  偏移，并进入状态 77
    '='  偏移，并进入状态 78
    '+'  偏移，并进入状态 79
    '-'  偏移，并进入状态 80
    '*'  偏移，并进入状态 81
    '/'  偏移，并进入状态 82
    '@'  偏移，并进入状态 83
    '.'  偏移，并进入状态 84

    $default  使用规则 47 以归约 (assign_expression)


状态 95

   24 expression: OBJECTID '(' ')' .

    $default  使用规则 24 以归约 (expression)


状态 96

   20 expression: expression . '.' OBJECTID '(' ')'
   21           | expression . '.' OBJECTID '(' expression_list ')'
   22           | expression . '@' TYPEID '.' OBJECTID '(' ')'
   23           | expression . '@' TYPEID '.' OBJECTID '(' expression_list ')'
   33           | expression . '+' expression
   34           | expression . '-' expression
   35           | expression . '*' expression
   36           | expression . '/' expression
   38           | expression . '<' expression
   39           | expression . LE expression
   40           | expression . '=' expression
   52 expression_list: expression .

    LE   偏移，并进入状态 76
    '<'  偏移，并进入状态 77
    '='  偏移，并进入状态 78
    '+'  偏移，并进入状态 79
    '-'  偏移，并进入状态 80
    '*'  偏移，并进入状态 81
    '/'  偏移，并进入状态 82
    '@'  偏移，并进入状态 83
    '.'  偏移，并进入状态 84

    $default  使用规则 52 以归约 (expression_list)


状态 97

   25 expression: OBJECTID '(' expression_list . ')'
   53 expression_list: expression_list . ',' expression

    ')'  偏移，并进入状态 120
    ','  偏移，并进入状态 121


状态 98

   56 expression_block: error ';' .

    $default  使用规则 56 以归约 (expression_block)


状态 99

   54 expression_block: expression ';' .

    $default  使用规则 54 以归约 (expression_block)


状态 100

   28 expression: '{' expression_block '}' .

    $default  使用规则 28 以归约 (expression)


状态 101

   20 expression: expression . '.' OBJECTID '(' ')'
   21           | expression . '.' OBJECTID '(' expression_list ')'
   22           | expression . '@' TYPEID '.' OBJECTID '(' ')'
   23           | expression . '@' TYPEID '.' OBJECTID '(' expression_list ')'
   33           | expression . '+' expression
   34           | expression . '-' expression
   35           | expression . '*' expression
   36           | expression . '/' expression
   38           | expression . '<' expression
   39           | expression . LE expression
   40           | expression . '=' expression
   55 expression_block: expression_block expression . ';'

    LE   偏移，并进入状态 76
    '<'  偏移，并进入状态 77
    '='  偏移，并进入状态 78
    '+'  偏移，并进入状态 79
    '-'  偏移，并进入状态 80
    '*'  偏移，并进入状态 81
    '/'  偏移，并进入状态 82
    '@'  偏移，并进入状态 83
    '.'  偏移，并进入状态 84
    ';'  偏移，并进入状态 122


状态 102

   42 expression: '(' expression ')' .

    $default  使用规则 42 以归约 (expression)


状态 103

   20 expression: expression . '.' OBJECTID '(' ')'
   21           | expression . '.' OBJECTID '(' expression_list ')'
   22           | expression . '@' TYPEID '.' OBJECTID '(' ')'
   23           | expression . '@' TYPEID '.' OBJECTID '(' expression_list ')'
   33           | expression . '+' expression
   34           | expression . '-' expression
   35           | expression . '*' expression
   36           | expression . '/' expression
   38           | expression . '<' expression
   39           | expression . LE expression
   39           | expression LE expression .
   40           | expression . '=' expression

    '+'  偏移，并进入状态 79
    '-'  偏移，并进入状态 80
    '*'  偏移，并进入状态 81
    '/'  偏移，并进入状态 82
    '@'  偏移，并进入状态 83
    '.'  偏移，并进入状态 84

    LE   错误 (非相联的)
    '<'  错误 (非相联的)
    '='  错误 (非相联的)

    $default  使用规则 39 以归约 (expression)


状态 104

   20 expression: expression . '.' OBJECTID '(' ')'
   21           | expression . '.' OBJECTID '(' expression_list ')'
   22           | expression . '@' TYPEID '.' OBJECTID '(' ')'
   23           | expression . '@' TYPEID '.' OBJECTID '(' expression_list ')'
   33           | expression . '+' expression
   34           | expression . '-' expression
   35           | expression . '*' expression
   36           | expression . '/' expression
   38           | expression . '<' expression
   38           | expression '<' expression .
   39           | expression . LE expression
   40           | expression . '=' expression

    '+'  偏移，并进入状态 79
    '-'  偏移，并进入状态 80
    '*'  偏移，并进入状态 81
    '/'  偏移，并进入状态 82
    '@'  偏移，并进入状态 83
    '.'  偏移，并进入状态 84

    LE   错误 (非相联的)
    '<'  错误 (非相联的)
    '='  错误 (非相联的)

    $default  使用规则 38 以归约 (expression)


状态 105

   20 expression: expression . '.' OBJECTID '(' ')'
   21           | expression . '.' OBJECTID '(' expression_list ')'
   22           | expression . '@' TYPEID '.' OBJECTID '(' ')'
   23           | expression . '@' TYPEID '.' OBJECTID '(' expression_list ')'
   33           | expression . '+' expression
   34           | expression . '-' expression
   35           | expression . '*' expression
   36           | expression . '/' expression
   38           | expression . '<' expression
   39           | expression . LE expression
   40           | expression . '=' expression
   40           | expression '=' expression .

    '+'  偏移，并进入状态 79
    '-'  偏移，并进入状态 80
    '*'  偏移，并进入状态 81
    '/'  偏移，并进入状态 82
    '@'  偏移，并进入状态 83
    '.'  偏移，并进入状态 84

    LE   错误 (非相联的)
    '<'  错误 (非相联的)
    '='  错误 (非相联的)

    $default  使用规则 40 以归约 (expression)


状态 106

   20 expression: expression . '.' OBJECTID '(' ')'
   21           | expression . '.' OBJECTID '(' expression_list ')'
   22           | expression . '@' TYPEID '.' OBJECTID '(' ')'
   23           | expression . '@' TYPEID '.' OBJECTID '(' expression_list ')'
   33           | expression . '+' expression
   33           | expression '+' expression .
   34           | expression . '-' expression
   35           | expression . '*' expression
   36           | expression . '/' expression
   38           | expression . '<' expression
   39           | expression . LE expression
   40           | expression . '=' expression

    '*'  偏移，并进入状态 81
    '/'  偏移，并进入状态 82
    '@'  偏移，并进入状态 83
    '.'  偏移，并进入状态 84

    $default  使用规则 33 以归约 (expression)


状态 107

   20 expression: expression . '.' OBJECTID '(' ')'
   21           | expression . '.' OBJECTID '(' expression_list ')'
   22           | expression . '@' TYPEID '.' OBJECTID '(' ')'
   23           | expression . '@' TYPEID '.' OBJECTID '(' expression_list ')'
   33           | expression . '+' expression
   34           | expression . '-' expression
   34           | expression '-' expression .
   35           | expression . '*' expression
   36           | expression . '/' expression
   38           | expression . '<' expression
   39           | expression . LE expression
   40           | expression . '=' expression

    '*'  偏移，并进入状态 81
    '/'  偏移，并进入状态 82
    '@'  偏移，并进入状态 83
    '.'  偏移，并进入状态 84

    $default  使用规则 34 以归约 (expression)


状态 108

   20 expression: expression . '.' OBJECTID '(' ')'
   21           | expression . '.' OBJECTID '(' expression_list ')'
   22           | expression . '@' TYPEID '.' OBJECTID '(' ')'
   23           | expression . '@' TYPEID '.' OBJECTID '(' expression_list ')'
   33           | expression . '+' expression
   34           | expression . '-' expression
   35           | expression . '*' expression
   35           | expression '*' expression .
   36           | expression . '/' expression
   38           | expression . '<' expression
   39           | expression . LE expression
   40           | expression . '=' expression

    '@'  偏移，并进入状态 83
    '.'  偏移，并进入状态 84

    $default  使用规则 35 以归约 (expression)


状态 109

   20 expression: expression . '.' OBJECTID '(' ')'
   21           | expression . '.' OBJECTID '(' expression_list ')'
   22           | expression . '@' TYPEID '.' OBJECTID '(' ')'
   23           | expression . '@' TYPEID '.' OBJECTID '(' expression_list ')'
   33           | expression . '+' expression
   34           | expression . '-' expression
   35           | expression . '*' expression
   36           | expression . '/' expression
   36           | expression '/' expression .
   38           | expression . '<' expression
   39           | expression . LE expression
   40           | expression . '=' expression

    '@'  偏移，并进入状态 83
    '.'  偏移，并进入状态 84

    $default  使用规则 36 以归约 (expression)


状态 110

   22 expression: expression '@' TYPEID . '.' OBJECTID '(' ')'
   23           | expression '@' TYPEID . '.' OBJECTID '(' expression_list ')'

    '.'  偏移，并进入状态 123


状态 111

   20 expression: expression '.' OBJECTID . '(' ')'
   21           | expression '.' OBJECTID . '(' expression_list ')'

    '('  偏移，并进入状态 124


状态 112

    9 feature: OBJECTID '(' formal_list ')' ':' TYPEID '{' expression . '}' ';'
   20 expression: expression . '.' OBJECTID '(' ')'
   21           | expression . '.' OBJECTID '(' expression_list ')'
   22           | expression . '@' TYPEID '.' OBJECTID '(' ')'
   23           | expression . '@' TYPEID '.' OBJECTID '(' expression_list ')'
   33           | expression . '+' expression
   34           | expression . '-' expression
   35           | expression . '*' expression
   36           | expression . '/' expression
   38           | expression . '<' expression
   39           | expression . LE expression
   40           | expression . '=' expression

    LE   偏移，并进入状态 76
    '<'  偏移，并进入状态 77
    '='  偏移，并进入状态 78
    '+'  偏移，并进入状态 79
    '-'  偏移，并进入状态 80
    '*'  偏移，并进入状态 81
    '/'  偏移，并进入状态 82
    '@'  偏移，并进入状态 83
    '.'  偏移，并进入状态 84
    '}'  偏移，并进入状态 125


状态 113

   20 expression: expression . '.' OBJECTID '(' ')'
   21           | expression . '.' OBJECTID '(' expression_list ')'
   22           | expression . '@' TYPEID '.' OBJECTID '(' ')'
   23           | expression . '@' TYPEID '.' OBJECTID '(' expression_list ')'
   26           | IF expression THEN expression . ELSE expression FI
   33           | expression . '+' expression
   34           | expression . '-' expression
   35           | expression . '*' expression
   36           | expression . '/' expression
   38           | expression . '<' expression
   39           | expression . LE expression
   40           | expression . '=' expression

    ELSE  偏移，并进入状态 126
    LE    偏移，并进入状态 76
    '<'   偏移，并进入状态 77
    '='   偏移，并进入状态 78
    '+'   偏移，并进入状态 79
    '-'   偏移，并进入状态 80
    '*'   偏移，并进入状态 81
    '/'   偏移，并进入状态 82
    '@'   偏移，并进入状态 83
    '.'   偏移，并进入状态 84


状态 114

   59 let_expression: error ',' let_expression .

    $default  使用规则 59 以归约 (let_expression)


状态 115

   57 let_expression: OBJECTID ':' TYPEID . assign_opt IN expression
   58               | OBJECTID ':' TYPEID . assign_opt ',' let_expression

    ASSIGN  偏移，并进入状态 34

    $default  使用规则 12 以归约 (assign_opt)

    assign_opt  转到状态 127


状态 116

   20 expression: expression . '.' OBJECTID '(' ')'
   21           | expression . '.' OBJECTID '(' expression_list ')'
   22           | expression . '@' TYPEID '.' OBJECTID '(' ')'
   23           | expression . '@' TYPEID '.' OBJECTID '(' expression_list ')'
   33           | expression . '+' expression
   34           | expression . '-' expression
   35           | expression . '*' expression
   36           | expression . '/' expression
   38           | expression . '<' expression
   39           | expression . LE expression
   40           | expression . '=' expression
   49 while_expression: WHILE expression LOOP expression . POOL

    POOL  偏移，并进入状态 128
    LE    偏移，并进入状态 76
    '<'   偏移，并进入状态 77
    '='   偏移，并进入状态 78
    '+'   偏移，并进入状态 79
    '-'   偏移，并进入状态 80
    '*'   偏移，并进入状态 81
    '/'   偏移，并进入状态 82
    '@'   偏移，并进入状态 83
    '.'   偏移，并进入状态 84


状态 117

   63 case: OBJECTID . ':' TYPEID DARROW expression ';'

    ':'  偏移，并进入状态 129


状态 118

   30 expression: CASE expression OF case_list . ESAC
   61 case_list: case_list . case
   62          | case_list . error

    error     偏移，并进入状态 130
    ESAC      偏移，并进入状态 131
    OBJECTID  偏移，并进入状态 117

    case  转到状态 132


状态 119

   60 case_list: case .

    $default  使用规则 60 以归约 (case_list)


状态 120

   25 expression: OBJECTID '(' expression_list ')' .

    $default  使用规则 25 以归约 (expression)


状态 121

   53 expression_list: expression_list ',' . expression

    IF          偏移，并进入状态 39
    LET         偏移，并进入状态 40
    WHILE       偏移，并进入状态 41
    CASE        偏移，并进入状态 42
    NEW         偏移，并进入状态 43
    ISVOID      偏移，并进入状态 44
    STR_CONST   偏移，并进入状态 45
    INT_CONST   偏移，并进入状态 46
    BOOL_CONST  偏移，并进入状态 47
    OBJECTID    偏移，并进入状态 48
    NOT         偏移，并进入状态 49
    '~'         偏移，并进入状态 50
    '{'         偏移，并进入状态 51
    '('         偏移，并进入状态 52

    expression         转到状态 133
    assign_expression  转到状态 54
    while_expression   转到状态 55


状态 122

   55 expression_block: expression_block expression ';' .

    $default  使用规则 55 以归约 (expression_block)


状态 123

   22 expression: expression '@' TYPEID '.' . OBJECTID '(' ')'
   23           | expression '@' TYPEID '.' . OBJECTID '(' expression_list ')'

    OBJECTID  偏移，并进入状态 134


状态 124

   20 expression: expression '.' OBJECTID '(' . ')'
   21           | expression '.' OBJECTID '(' . expression_list ')'

    IF          偏移，并进入状态 39
    LET         偏移，并进入状态 40
    WHILE       偏移，并进入状态 41
    CASE        偏移，并进入状态 42
    NEW         偏移，并进入状态 43
    ISVOID      偏移，并进入状态 44
    STR_CONST   偏移，并进入状态 45
    INT_CONST   偏移，并进入状态 46
    BOOL_CONST  偏移，并进入状态 47
    OBJECTID    偏移，并进入状态 48
    NOT         偏移，并进入状态 49
    '~'         偏移，并进入状态 50
    '{'         偏移，并进入状态 51
    '('         偏移，并进入状态 52
    ')'         偏移，并进入状态 135

    expression         转到状态 96
    assign_expression  转到状态 54
    while_expression   转到状态 55
    expression_list    转到状态 136


状态 125

    9 feature: OBJECTID '(' formal_list ')' ':' TYPEID '{' expression '}' . ';'

    ';'  偏移，并进入状态 137


状态 126

   26 expression: IF expression THEN expression ELSE . expression FI

    IF          偏移，并进入状态 39
    LET         偏移，并进入状态 40
    WHILE       偏移，并进入状态 41
    CASE        偏移，并进入状态 42
    NEW         偏移，并进入状态 43
    ISVOID      偏移，并进入状态 44
    STR_CONST   偏移，并进入状态 45
    INT_CONST   偏移，并进入状态 46
    BOOL_CONST  偏移，并进入状态 47
    OBJECTID    偏移，并进入状态 48
    NOT         偏移，并进入状态 49
    '~'         偏移，并进入状态 50
    '{'         偏移，并进入状态 51
    '('         偏移，并进入状态 52

    expression         转到状态 138
    assign_expression  转到状态 54
    while_expression   转到状态 55


状态 127

   57 let_expression: OBJECTID ':' TYPEID assign_opt . IN expression
   58               | OBJECTID ':' TYPEID assign_opt . ',' let_expression

    IN   偏移，并进入状态 139
    ','  偏移，并进入状态 140


状态 128

   49 while_expression: WHILE expression LOOP expression POOL .

    $default  使用规则 49 以归约 (while_expression)


状态 129

   63 case: OBJECTID ':' . TYPEID DARROW expression ';'

    TYPEID  偏移，并进入状态 141


状态 130

   62 case_list: case_list error .

    $default  使用规则 62 以归约 (case_list)


状态 131

   30 expression: CASE expression OF case_list ESAC .

    $default  使用规则 30 以归约 (expression)


状态 132

   61 case_list: case_list case .

    $default  使用规则 61 以归约 (case_list)


状态 133

   20 expression: expression . '.' OBJECTID '(' ')'
   21           | expression . '.' OBJECTID '(' expression_list ')'
   22           | expression . '@' TYPEID '.' OBJECTID '(' ')'
   23           | expression . '@' TYPEID '.' OBJECTID '(' expression_list ')'
   33           | expression . '+' expression
   34           | expression . '-' expression
   35           | expression . '*' expression
   36           | expression . '/' expression
   38           | expression . '<' expression
   39           | expression . LE expression
   40           | expression . '=' expression
   53 expression_list: expression_list ',' expression .

    LE   偏移，并进入状态 76
    '<'  偏移，并进入状态 77
    '='  偏移，并进入状态 78
    '+'  偏移，并进入状态 79
    '-'  偏移，并进入状态 80
    '*'  偏移，并进入状态 81
    '/'  偏移，并进入状态 82
    '@'  偏移，并进入状态 83
    '.'  偏移，并进入状态 84

    $default  使用规则 53 以归约 (expression_list)


状态 134

   22 expression: expression '@' TYPEID '.' OBJECTID . '(' ')'
   23           | expression '@' TYPEID '.' OBJECTID . '(' expression_list ')'

    '('  偏移，并进入状态 142


状态 135

   20 expression: expression '.' OBJECTID '(' ')' .

    $default  使用规则 20 以归约 (expression)


状态 136

   21 expression: expression '.' OBJECTID '(' expression_list . ')'
   53 expression_list: expression_list . ',' expression

    ')'  偏移，并进入状态 143
    ','  偏移，并进入状态 121


状态 137

    9 feature: OBJECTID '(' formal_list ')' ':' TYPEID '{' expression '}' ';' .

    $default  使用规则 9 以归约 (feature)


状态 138

   20 expression: expression . '.' OBJECTID '(' ')'
   21           | expression . '.' OBJECTID '(' expression_list ')'
   22           | expression . '@' TYPEID '.' OBJECTID '(' ')'
   23           | expression . '@' TYPEID '.' OBJECTID '(' expression_list ')'
   26           | IF expression THEN expression ELSE expression . FI
   33           | expression . '+' expression
   34           | expression . '-' expression
   35           | expression . '*' expression
   36           | expression . '/' expression
   38           | expression . '<' expression
   39           | expression . LE expression
   40           | expression . '=' expression

    FI   偏移，并进入状态 144
    LE   偏移，并进入状态 76
    '<'  偏移，并进入状态 77
    '='  偏移，并进入状态 78
    '+'  偏移，并进入状态 79
    '-'  偏移，并进入状态 80
    '*'  偏移，并进入状态 81
    '/'  偏移，并进入状态 82
    '@'  偏移，并进入状态 83
    '.'  偏移，并进入状态 84


状态 139

   57 let_expression: OBJECTID ':' TYPEID assign_opt IN . expression

    IF          偏移，并进入状态 39
    LET         偏移，并进入状态 40
    WHILE       偏移，并进入状态 41
    CASE        偏移，并进入状态 42
    NEW         偏移，并进入状态 43
    ISVOID      偏移，并进入状态 44
    STR_CONST   偏移，并进入状态 45
    INT_CONST   偏移，并进入状态 46
    BOOL_CONST  偏移，并进入状态 47
    OBJECTID    偏移，并进入状态 48
    NOT         偏移，并进入状态 49
    '~'         偏移，并进入状态 50
    '{'         偏移，并进入状态 51
    '('         偏移，并进入状态 52

    expression         转到状态 145
    assign_expression  转到状态 54
    while_expression   转到状态 55


状态 140

   58 let_expression: OBJECTID ':' TYPEID assign_opt ',' . let_expression

    error     偏移，并进入状态 59
    OBJECTID  偏移，并进入状态 60

    let_expression  转到状态 146


状态 141

   63 case: OBJECTID ':' TYPEID . DARROW expression ';'

    DARROW  偏移，并进入状态 147


状态 142

   22 expression: expression '@' TYPEID '.' OBJECTID '(' . ')'
   23           | expression '@' TYPEID '.' OBJECTID '(' . expression_list ')'

    IF          偏移，并进入状态 39
    LET         偏移，并进入状态 40
    WHILE       偏移，并进入状态 41
    CASE        偏移，并进入状态 42
    NEW         偏移，并进入状态 43
    ISVOID      偏移，并进入状态 44
    STR_CONST   偏移，并进入状态 45
    INT_CONST   偏移，并进入状态 46
    BOOL_CONST  偏移，并进入状态 47
    OBJECTID    偏移，并进入状态 48
    NOT         偏移，并进入状态 49
    '~'         偏移，并进入状态 50
    '{'         偏移，并进入状态 51
    '('         偏移，并进入状态 52
    ')'         偏移，并进入状态 148

    expression         转到状态 96
    assign_expression  转到状态 54
    while_expression   转到状态 55
    expression_list    转到状态 149


状态 143

   21 expression: expression '.' OBJECTID '(' expression_list ')' .

    $default  使用规则 21 以归约 (expression)


状态 144

   26 expression: IF expression THEN expression ELSE expression FI .

    $default  使用规则 26 以归约 (expression)


状态 145

   20 expression: expression . '.' OBJECTID '(' ')'
   21           | expression . '.' OBJECTID '(' expression_list ')'
   22           | expression . '@' TYPEID '.' OBJECTID '(' ')'
   23           | expression . '@' TYPEID '.' OBJECTID '(' expression_list ')'
   33           | expression . '+' expression
   34           | expression . '-' expression
   35           | expression . '*' expression
   36           | expression . '/' expression
   38           | expression . '<' expression
   39           | expression . LE expression
   40           | expression . '=' expression
   57 let_expression: OBJECTID ':' TYPEID assign_opt IN expression .

    LE   偏移，并进入状态 76
    '<'  偏移，并进入状态 77
    '='  偏移，并进入状态 78
    '+'  偏移，并进入状态 79
    '-'  偏移，并进入状态 80
    '*'  偏移，并进入状态 81
    '/'  偏移，并进入状态 82
    '@'  偏移，并进入状态 83
    '.'  偏移，并进入状态 84

    $default  使用规则 57 以归约 (let_expression)


状态 146

   58 let_expression: OBJECTID ':' TYPEID assign_opt ',' let_expression .

    $default  使用规则 58 以归约 (let_expression)


状态 147

   63 case: OBJECTID ':' TYPEID DARROW . expression ';'

    IF          偏移，并进入状态 39
    LET         偏移，并进入状态 40
    WHILE       偏移，并进入状态 41
    CASE        偏移，并进入状态 42
    NEW         偏移，并进入状态 43
    ISVOID      偏移，并进入状态 44
    STR_CONST   偏移，并进入状态 45
    INT_CONST   偏移，并进入状态 46
    BOOL_CONST  偏移，并进入状态 47
    OBJECTID    偏移，并进入状态 48
    NOT         偏移，并进入状态 49
    '~'         偏移，并进入状态 50
    '{'         偏移，并进入状态 51
    '('         偏移，并进入状态 52

    expression         转到状态 150
    assign_expression  转到状态 54
    while_expression   转到状态 55


状态 148

   22 expression: expression '@' TYPEID '.' OBJECTID '(' ')' .

    $default  使用规则 22 以归约 (expression)


状态 149

   23 expression: expression '@' TYPEID '.' OBJECTID '(' expression_list . ')'
   53 expression_list: expression_list . ',' expression

    ')'  偏移，并进入状态 151
    ','  偏移，并进入状态 121


状态 150

   20 expression: expression . '.' OBJECTID '(' ')'
   21           | expression . '.' OBJECTID '(' expression_list ')'
   22           | expression . '@' TYPEID '.' OBJECTID '(' ')'
   23           | expression . '@' TYPEID '.' OBJECTID '(' expression_list ')'
   33           | expression . '+' expression
   34           | expression . '-' expression
   35           | expression . '*' expression
   36           | expression . '/' expression
   38           | expression . '<' expression
   39           | expression . LE expression
   40           | expression . '=' expression
   63 case: OBJECTID ':' TYPEID DARROW expression . ';'

    LE   偏移，并进入状态 76
    '<'  偏移，并进入状态 77
    '='  偏移，并进入状态 78
    '+'  偏移，并进入状态 79
    '-'  偏移，并进入状态 80
    '*'  偏移，并进入状态 81
    '/'  偏移，并进入状态 82
    '@'  偏移，并进入状态 83
    '.'  偏移，并进入状态 84
    ';'  偏移，并进入状态 152


状态 151

   23 expression: expression '@' TYPEID '.' OBJECTID '(' expression_list ')' .

    $default  使用规则 23 以归约 (expression)


状态 152

   63 case: OBJECTID ':' TYPEID DARROW expression ';' .

    $default  使用规则 63 以归约 (case)
